avro-derive v0.0.0 (proc-macro) (D:\git_repo\materialize-learn\src\avro-derive)
├── proc-macro2 v1.0.24
│   └── unicode-xid v0.2.0
├── quote v1.0.8
│   └── proc-macro2 v1.0.24 (*)
└── syn v1.0.55
    ├── proc-macro2 v1.0.24 (*)
    ├── quote v1.0.8 (*)
    └── unicode-xid v0.2.0

aws-util v0.0.0 (D:\git_repo\materialize-learn\src\aws-util)
├── anyhow v1.0.38
├── log v0.4.13
│   └── cfg-if v0.1.10
├── rusoto_core v0.46.0 (https://github.com/rusoto/rusoto.git#b94d7beb)
│   ├── async-trait v0.1.42 (proc-macro)
│   │   ├── proc-macro2 v1.0.24 (*)
│   │   ├── quote v1.0.8 (*)
│   │   └── syn v1.0.55 (*)
│   ├── base64 v0.13.0
│   ├── bytes v1.0.0
│   ├── crc32fast v1.2.1
│   │   └── cfg-if v1.0.0
│   ├── futures v0.3.9
│   │   ├── futures-channel v0.3.9
│   │   │   ├── futures-core v0.3.9
│   │   │   └── futures-sink v0.3.9
│   │   ├── futures-core v0.3.9
│   │   ├── futures-executor v0.3.9
│   │   │   ├── futures-core v0.3.9
│   │   │   ├── futures-task v0.3.9
│   │   │   │   └── once_cell v1.5.2
│   │   │   └── futures-util v0.3.9
│   │   │       ├── futures-channel v0.3.9 (*)
│   │   │       ├── futures-core v0.3.9
│   │   │       ├── futures-io v0.3.9
│   │   │       ├── futures-macro v0.3.9 (proc-macro)
│   │   │       │   ├── proc-macro-hack v0.5.19 (proc-macro)
│   │   │       │   ├── proc-macro2 v1.0.24 (*)
│   │   │       │   ├── quote v1.0.8 (*)
│   │   │       │   └── syn v1.0.55 (*)
│   │   │       ├── futures-sink v0.3.9
│   │   │       ├── futures-task v0.3.9 (*)
│   │   │       ├── memchr v2.3.3
│   │   │       ├── pin-project-lite v0.2.0
│   │   │       ├── pin-utils v0.1.0
│   │   │       ├── proc-macro-hack v0.5.19 (proc-macro)
│   │   │       ├── proc-macro-nested v0.1.6
│   │   │       └── slab v0.4.2
│   │   ├── futures-io v0.3.9
│   │   ├── futures-sink v0.3.9
│   │   ├── futures-task v0.3.9 (*)
│   │   └── futures-util v0.3.9 (*)
│   ├── http v0.2.3
│   │   ├── bytes v1.0.0
│   │   ├── fnv v1.0.7
│   │   └── itoa v0.4.6
│   ├── hyper v0.14.2
│   │   ├── bytes v1.0.0
│   │   ├── futures-channel v0.3.9 (*)
│   │   ├── futures-core v0.3.9
│   │   ├── futures-util v0.3.9 (*)
│   │   ├── h2 v0.3.0
│   │   │   ├── bytes v1.0.0
│   │   │   ├── fnv v1.0.7
│   │   │   ├── futures-core v0.3.9
│   │   │   ├── futures-sink v0.3.9
│   │   │   ├── futures-util v0.3.9 (*)
│   │   │   ├── http v0.2.3 (*)
│   │   │   ├── indexmap v1.4.0
│   │   │   │   [build-dependencies]
│   │   │   │   └── autocfg v1.0.1
│   │   │   ├── slab v0.4.2
│   │   │   ├── tokio v1.0.1
│   │   │   │   ├── bytes v1.0.0
│   │   │   │   ├── memchr v2.3.3
│   │   │   │   ├── mio v0.7.6
│   │   │   │   │   ├── log v0.4.13 (*)
│   │   │   │   │   ├── miow v0.3.6
│   │   │   │   │   │   ├── socket2 v0.3.19
│   │   │   │   │   │   │   └── winapi v0.3.8
│   │   │   │   │   │   └── winapi v0.3.8
│   │   │   │   │   ├── ntapi v0.3.4
│   │   │   │   │   │   └── winapi v0.3.8
│   │   │   │   │   └── winapi v0.3.8
│   │   │   │   ├── num_cpus v1.13.0
│   │   │   │   │   └── libc v0.2.81
│   │   │   │   ├── once_cell v1.5.2
│   │   │   │   ├── pin-project-lite v0.2.0
│   │   │   │   ├── tokio-macros v1.0.0 (proc-macro)
│   │   │   │   │   ├── proc-macro2 v1.0.24 (*)
│   │   │   │   │   ├── quote v1.0.8 (*)
│   │   │   │   │   └── syn v1.0.55 (*)
│   │   │   │   └── winapi v0.3.8
│   │   │   │   [build-dependencies]
│   │   │   │   └── autocfg v1.0.1
│   │   │   ├── tokio-util v0.6.0
│   │   │   │   ├── bytes v1.0.0
│   │   │   │   ├── futures-core v0.3.9
│   │   │   │   ├── futures-sink v0.3.9
│   │   │   │   ├── log v0.4.13 (*)
│   │   │   │   ├── pin-project-lite v0.2.0
│   │   │   │   ├── tokio v1.0.1 (*)
│   │   │   │   └── tokio-stream v0.1.1
│   │   │   │       ├── futures-core v0.3.9
│   │   │   │       ├── pin-project-lite v0.2.0
│   │   │   │       └── tokio v1.0.1 (*)
│   │   │   ├── tracing v0.1.22
│   │   │   │   ├── cfg-if v1.0.0
│   │   │   │   ├── pin-project-lite v0.2.0
│   │   │   │   ├── tracing-attributes v0.1.11 (proc-macro)
│   │   │   │   │   ├── proc-macro2 v1.0.24 (*)
│   │   │   │   │   ├── quote v1.0.8 (*)
│   │   │   │   │   └── syn v1.0.55 (*)
│   │   │   │   └── tracing-core v0.1.17
│   │   │   │       └── lazy_static v1.4.0
│   │   │   └── tracing-futures v0.2.4
│   │   │       ├── pin-project v0.4.27
│   │   │       │   └── pin-project-internal v0.4.27 (proc-macro)
│   │   │       │       ├── proc-macro2 v1.0.24 (*)
│   │   │       │       ├── quote v1.0.8 (*)
│   │   │       │       └── syn v1.0.55 (*)
│   │   │       └── tracing v0.1.22 (*)
│   │   ├── http v0.2.3 (*)
│   │   ├── http-body v0.4.0
│   │   │   ├── bytes v1.0.0
│   │   │   └── http v0.2.3 (*)
│   │   ├── httparse v1.3.3
│   │   ├── httpdate v0.3.2
│   │   ├── itoa v0.4.6
│   │   ├── pin-project v1.0.1
│   │   │   └── pin-project-internal v1.0.1 (proc-macro)
│   │   │       ├── proc-macro2 v1.0.24 (*)
│   │   │       ├── quote v1.0.8 (*)
│   │   │       └── syn v1.0.55 (*)
│   │   ├── socket2 v0.3.19 (*)
│   │   ├── tokio v1.0.1 (*)
│   │   ├── tower-service v0.3.0
│   │   ├── tracing v0.1.22 (*)
│   │   └── want v0.3.0
│   │       ├── log v0.4.13 (*)
│   │       └── try-lock v0.2.2
│   ├── hyper-tls v0.5.0
│   │   ├── bytes v1.0.0
│   │   ├── hyper v0.14.2 (*)
│   │   ├── native-tls v0.2.7
│   │   │   └── schannel v0.1.18
│   │   │       ├── lazy_static v1.4.0
│   │   │       └── winapi v0.3.8
│   │   ├── tokio v1.0.1 (*)
│   │   └── tokio-native-tls v0.3.0
│   │       ├── native-tls v0.2.7 (*)
│   │       └── tokio v1.0.1 (*)
│   ├── lazy_static v1.4.0
│   ├── log v0.4.13 (*)
│   ├── rusoto_credential v0.46.0 (https://github.com/rusoto/rusoto.git#b94d7beb)
│   │   ├── async-trait v0.1.42 (proc-macro) (*)
│   │   ├── chrono v0.4.19
│   │   │   ├── libc v0.2.81
│   │   │   ├── num-integer v0.1.42
│   │   │   │   └── num-traits v0.2.14
│   │   │   │       └── libm v0.2.1
│   │   │   │       [build-dependencies]
│   │   │   │       └── autocfg v1.0.1
│   │   │   │   [build-dependencies]
│   │   │   │   └── autocfg v1.0.1
│   │   │   ├── num-traits v0.2.14 (*)
│   │   │   ├── serde v1.0.118
│   │   │   │   └── serde_derive v1.0.118 (proc-macro)
│   │   │   │       ├── proc-macro2 v1.0.24 (*)
│   │   │   │       ├── quote v1.0.8 (*)
│   │   │   │       └── syn v1.0.55 (*)
│   │   │   └── winapi v0.3.8
│   │   ├── dirs-next v2.0.0
│   │   │   ├── cfg-if v1.0.0
│   │   │   └── dirs-sys-next v0.1.1
│   │   │       └── winapi v0.3.8
│   │   ├── futures v0.3.9 (*)
│   │   ├── hyper v0.14.2 (*)
│   │   ├── serde v1.0.118 (*)
│   │   ├── serde_json v1.0.60
│   │   │   ├── itoa v0.4.6
│   │   │   ├── ryu v1.0.2
│   │   │   └── serde v1.0.118 (*)
│   │   ├── shlex v0.1.1
│   │   ├── tokio v1.0.1 (*)
│   │   └── zeroize v1.1.0
│   ├── rusoto_signature v0.46.0 (https://github.com/rusoto/rusoto.git#b94d7beb)
│   │   ├── base64 v0.13.0
│   │   ├── bytes v1.0.0
│   │   ├── chrono v0.4.19 (*)
│   │   ├── futures v0.3.9 (*)
│   │   ├── hex v0.4.2
│   │   ├── hmac v0.10.1
│   │   │   ├── crypto-mac v0.10.0
│   │   │   │   ├── generic-array v0.14.4
│   │   │   │   │   └── typenum v1.12.0
│   │   │   │   │   [build-dependencies]
│   │   │   │   │   └── version_check v0.9.2
│   │   │   │   └── subtle v2.2.3
│   │   │   └── digest v0.9.0
│   │   │       └── generic-array v0.14.4 (*)
│   │   ├── http v0.2.3 (*)
│   │   ├── hyper v0.14.2 (*)
│   │   ├── log v0.4.13 (*)
│   │   ├── md5 v0.7.0
│   │   ├── percent-encoding v2.1.0
│   │   ├── pin-project-lite v0.2.0
│   │   ├── rusoto_credential v0.46.0 (https://github.com/rusoto/rusoto.git#b94d7beb) (*)
│   │   ├── serde v1.0.118 (*)
│   │   ├── sha2 v0.9.2
│   │   │   ├── block-buffer v0.9.0
│   │   │   │   └── generic-array v0.14.4 (*)
│   │   │   ├── cfg-if v1.0.0
│   │   │   ├── cpuid-bool v0.1.2
│   │   │   ├── digest v0.9.0 (*)
│   │   │   └── opaque-debug v0.3.0
│   │   └── tokio v1.0.1 (*)
│   │   [build-dependencies]
│   │   └── rustc_version v0.3.0
│   │       └── semver v0.11.0
│   │           └── semver-parser v0.10.1
│   │               └── pest v2.1.3
│   │                   └── ucd-trie v0.1.3
│   ├── serde v1.0.118 (*)
│   ├── serde_json v1.0.60 (*)
│   ├── tokio v1.0.1 (*)
│   └── xml-rs v0.8.0
│   [build-dependencies]
│   └── rustc_version v0.3.0 (*)
├── rusoto_credential v0.46.0 (https://github.com/rusoto/rusoto.git#b94d7beb) (*)
├── rusoto_kinesis v0.46.0 (https://github.com/rusoto/rusoto.git#b94d7beb)
│   ├── async-trait v0.1.42 (proc-macro) (*)
│   ├── bytes v1.0.0
│   ├── futures v0.3.9 (*)
│   ├── rusoto_core v0.46.0 (https://github.com/rusoto/rusoto.git#b94d7beb) (*)
│   ├── serde v1.0.118 (*)
│   └── serde_json v1.0.60 (*)
├── rusoto_s3 v0.46.0 (https://github.com/rusoto/rusoto.git#b94d7beb)
│   ├── async-trait v0.1.42 (proc-macro) (*)
│   ├── bytes v1.0.0
│   ├── futures v0.3.9 (*)
│   ├── rusoto_core v0.46.0 (https://github.com/rusoto/rusoto.git#b94d7beb) (*)
│   └── xml-rs v0.8.0
├── rusoto_sts v0.46.0 (https://github.com/rusoto/rusoto.git#b94d7beb)
│   ├── async-trait v0.1.42 (proc-macro) (*)
│   ├── bytes v1.0.0
│   ├── chrono v0.4.19 (*)
│   ├── futures v0.3.9 (*)
│   ├── rusoto_core v0.46.0 (https://github.com/rusoto/rusoto.git#b94d7beb) (*)
│   ├── serde_urlencoded v0.7.0
│   │   ├── form_urlencoded v1.0.0
│   │   │   ├── matches v0.1.8
│   │   │   └── percent-encoding v2.1.0
│   │   ├── itoa v0.4.6
│   │   ├── ryu v1.0.2
│   │   └── serde v1.0.118 (*)
│   └── xml-rs v0.8.0
├── serde v1.0.118 (*)
└── tokio v1.0.1 (*)

billing-demo v0.0.0 (D:\git_repo\materialize-learn\demo\billing)
├── anyhow v1.0.38
├── bytes v1.0.0
├── chrono v0.4.19 (*)
├── csv v1.1.5
│   ├── bstr v0.2.14
│   │   ├── lazy_static v1.4.0
│   │   ├── memchr v2.3.3
│   │   ├── regex-automata v0.1.9
│   │   │   ├── byteorder v1.4.2
│   │   │   └── regex-syntax v0.6.22
│   │   └── serde v1.0.118 (*)
│   ├── csv-core v0.1.10
│   │   └── memchr v2.3.3
│   ├── itoa v0.4.6
│   ├── ryu v1.0.2
│   └── serde v1.0.118 (*)
├── env_logger v0.8.2
│   ├── atty v0.2.14
│   │   └── winapi v0.3.8
│   ├── humantime v2.0.1
│   ├── log v0.4.13 (*)
│   ├── regex v1.4.3
│   │   ├── aho-corasick v0.7.15
│   │   │   └── memchr v2.3.3
│   │   ├── memchr v2.3.3
│   │   ├── regex-syntax v0.6.22
│   │   └── thread_local v1.0.1
│   │       └── lazy_static v1.4.0
│   └── termcolor v1.1.2
│       └── winapi-util v0.1.3
│           └── winapi v0.3.8
├── futures v0.3.9 (*)
├── futures-channel v0.3.9 (*)
├── hex v0.4.2
├── log v0.4.13 (*)
├── ore v0.0.0 (D:\git_repo\materialize-learn\src\ore)
│   ├── async-trait v0.1.42 (proc-macro) (*)
│   ├── bytes v1.0.0
│   ├── fallible-iterator v0.2.0
│   ├── futures v0.3.9 (*)
│   ├── lazy_static v1.4.0
│   ├── libc v0.2.81
│   ├── log v0.4.13 (*)
│   ├── openssl v0.10.32
│   │   ├── bitflags v1.2.1
│   │   ├── cfg-if v1.0.0
│   │   ├── foreign-types v0.3.2
│   │   │   └── foreign-types-shared v0.1.1
│   │   ├── lazy_static v1.4.0
│   │   ├── libc v0.2.81
│   │   └── openssl-sys v0.9.60
│   │       └── libc v0.2.81
│   │       [build-dependencies]
│   │       ├── autocfg v1.0.1
│   │       ├── cc v1.0.50
│   │       │   └── jobserver v0.1.21
│   │       ├── openssl-src v111.9.0+1.1.1g
│   │       │   └── cc v1.0.50 (*)
│   │       ├── pkg-config v0.3.17
│   │       └── vcpkg v0.2.8
│   ├── phf_shared v0.8.0
│   │   ├── siphasher v0.3.3
│   │   └── unicase v2.6.0
│   │       [build-dependencies]
│   │       └── version_check v0.9.2
│   ├── smallvec v1.6.1
│   │   └── serde v1.0.118 (*)
│   ├── structopt v0.3.21
│   │   ├── clap v2.33.3
│   │   │   ├── atty v0.2.14 (*)
│   │   │   ├── bitflags v1.2.1
│   │   │   ├── strsim v0.8.0
│   │   │   ├── textwrap v0.11.0
│   │   │   │   └── unicode-width v0.1.8
│   │   │   ├── unicode-width v0.1.8
│   │   │   └── vec_map v0.8.1
│   │   ├── lazy_static v1.4.0
│   │   └── structopt-derive v0.4.14 (proc-macro)
│   │       ├── heck v0.3.1
│   │       │   └── unicode-segmentation v1.6.0
│   │       ├── proc-macro-error v1.0.4
│   │       │   ├── proc-macro-error-attr v1.0.4 (proc-macro)
│   │       │   │   ├── proc-macro2 v1.0.24 (*)
│   │       │   │   └── quote v1.0.8 (*)
│   │       │   │   [build-dependencies]
│   │       │   │   └── version_check v0.9.2
│   │       │   ├── proc-macro2 v1.0.24 (*)
│   │       │   ├── quote v1.0.8 (*)
│   │       │   └── syn v1.0.55 (*)
│   │       │   [build-dependencies]
│   │       │   └── version_check v0.9.2
│   │       ├── proc-macro2 v1.0.24 (*)
│   │       ├── quote v1.0.8 (*)
│   │       └── syn v1.0.55 (*)
│   ├── tokio v1.0.1 (*)
│   ├── tokio-openssl v0.6.0
│   │   ├── futures v0.3.9 (*)
│   │   ├── openssl v0.10.32 (*)
│   │   ├── pin-project v1.0.1 (*)
│   │   └── tokio v1.0.1 (*)
│   └── tracing-subscriber v0.2.15
│       ├── ansi_term v0.12.1
│       │   └── winapi v0.3.8
│       ├── lazy_static v1.4.0
│       ├── matchers v0.0.1
│       │   └── regex-automata v0.1.9 (*)
│       ├── regex v1.4.3 (*)
│       ├── sharded-slab v0.1.1
│       │   └── lazy_static v1.4.0
│       ├── thread_local v1.0.1 (*)
│       ├── tracing v0.1.22 (*)
│       ├── tracing-core v0.1.17 (*)
│       └── tracing-log v0.1.1
│           ├── lazy_static v1.4.0
│           ├── log v0.4.13 (*)
│           └── tracing-core v0.1.17 (*)
│   [dev-dependencies]
│   └── crossbeam-utils v0.8.1
│       ├── cfg-if v1.0.0
│       └── lazy_static v1.4.0
│       [build-dependencies]
│       └── autocfg v1.0.1
├── parse_duration v2.1.0
│   ├── lazy_static v1.4.0
│   ├── num v0.2.0
│   │   ├── num-bigint v0.2.6
│   │   │   ├── num-integer v0.1.42 (*)
│   │   │   └── num-traits v0.2.14 (*)
│   │   │   [build-dependencies]
│   │   │   └── autocfg v1.0.1
│   │   ├── num-complex v0.2.4
│   │   │   └── num-traits v0.2.14 (*)
│   │   │   [build-dependencies]
│   │   │   └── autocfg v1.0.1
│   │   ├── num-integer v0.1.42 (*)
│   │   ├── num-iter v0.1.40
│   │   │   ├── num-integer v0.1.42 (*)
│   │   │   └── num-traits v0.2.14 (*)
│   │   │   [build-dependencies]
│   │   │   └── autocfg v1.0.1
│   │   ├── num-rational v0.2.3
│   │   │   ├── num-bigint v0.2.6 (*)
│   │   │   ├── num-integer v0.1.42 (*)
│   │   │   └── num-traits v0.2.14 (*)
│   │   │   [build-dependencies]
│   │   │   └── autocfg v1.0.1
│   │   └── num-traits v0.2.14 (*)
│   └── regex v1.4.3 (*)
├── postgres-types v0.2.0
│   ├── bytes v1.0.0
│   ├── chrono v0.4.19 (*)
│   ├── fallible-iterator v0.2.0
│   ├── postgres-protocol v0.6.0
│   │   ├── base64 v0.13.0
│   │   ├── byteorder v1.4.2
│   │   ├── bytes v1.0.0
│   │   ├── fallible-iterator v0.2.0
│   │   ├── hmac v0.10.1 (*)
│   │   ├── md5 v0.7.0
│   │   ├── memchr v2.3.3
│   │   ├── rand v0.8.0
│   │   │   ├── rand_chacha v0.3.0
│   │   │   │   ├── ppv-lite86 v0.2.10
│   │   │   │   └── rand_core v0.6.0
│   │   │   │       └── getrandom v0.2.1
│   │   │   │           └── cfg-if v1.0.0
│   │   │   └── rand_core v0.6.0 (*)
│   │   ├── sha2 v0.9.2 (*)
│   │   └── stringprep v0.1.2
│   │       ├── unicode-bidi v0.3.4
│   │       │   └── matches v0.1.8
│   │       └── unicode-normalization v0.1.12
│   │           └── smallvec v1.6.1 (*)
│   ├── serde v1.0.118 (*)
│   ├── serde_json v1.0.60 (*)
│   └── uuid v0.8.2
│       ├── getrandom v0.2.1 (*)
│       └── serde v1.0.118 (*)
├── protobuf v2.17.0
│   ├── serde v1.0.118 (*)
│   └── serde_derive v1.0.118 (proc-macro) (*)
├── rand v0.8.0 (*)
├── rand_distr v0.4.0
│   ├── num-traits v0.2.14 (*)
│   └── rand v0.8.0 (*)
├── structopt v0.3.21 (*)
├── test-util v0.0.0 (D:\git_repo\materialize-learn\test\test-util)
│   ├── anyhow v1.0.38
│   ├── chrono v0.4.19 (*)
│   ├── kafka-util v0.0.0 (D:\git_repo\materialize-learn\src\kafka-util)
│   │   ├── anyhow v1.0.38
│   │   ├── ccsr v0.0.0 (D:\git_repo\materialize-learn\src\ccsr)
│   │   │   ├── futures v0.3.9 (*)
│   │   │   ├── native-tls v0.2.7 (*)
│   │   │   ├── openssl v0.10.32 (*)
│   │   │   ├── reqwest v0.11.0
│   │   │   │   ├── base64 v0.13.0
│   │   │   │   ├── bytes v1.0.0
│   │   │   │   ├── encoding_rs v0.8.26
│   │   │   │   │   └── cfg-if v1.0.0
│   │   │   │   ├── futures-core v0.3.9
│   │   │   │   ├── futures-util v0.3.9 (*)
│   │   │   │   ├── http v0.2.3 (*)
│   │   │   │   ├── http-body v0.4.0 (*)
│   │   │   │   ├── hyper v0.14.2 (*)
│   │   │   │   ├── hyper-tls v0.5.0 (*)
│   │   │   │   ├── ipnet v2.3.0
│   │   │   │   ├── lazy_static v1.4.0
│   │   │   │   ├── log v0.4.13 (*)
│   │   │   │   ├── mime v0.3.13
│   │   │   │   │   └── unicase v2.6.0 (*)
│   │   │   │   ├── native-tls v0.2.7 (*)
│   │   │   │   ├── percent-encoding v2.1.0
│   │   │   │   ├── pin-project-lite v0.2.0
│   │   │   │   ├── serde v1.0.118 (*)
│   │   │   │   ├── serde_json v1.0.60 (*)
│   │   │   │   ├── serde_urlencoded v0.7.0 (*)
│   │   │   │   ├── tokio v1.0.1 (*)
│   │   │   │   ├── tokio-native-tls v0.3.0 (*)
│   │   │   │   ├── url v2.2.0
│   │   │   │   │   ├── form_urlencoded v1.0.0 (*)
│   │   │   │   │   ├── idna v0.2.0
│   │   │   │   │   │   ├── matches v0.1.8
│   │   │   │   │   │   ├── unicode-bidi v0.3.4 (*)
│   │   │   │   │   │   └── unicode-normalization v0.1.12 (*)
│   │   │   │   │   ├── matches v0.1.8
│   │   │   │   │   ├── percent-encoding v2.1.0
│   │   │   │   │   └── serde v1.0.118 (*)
│   │   │   │   └── winreg v0.7.0
│   │   │   │       └── winapi v0.3.8
│   │   │   ├── serde v1.0.118 (*)
│   │   │   ├── serde_json v1.0.60 (*)
│   │   │   └── url v2.2.0 (*)
│   │   │   [dev-dependencies]
│   │   │   ├── anyhow v1.0.38
│   │   │   ├── hyper v0.14.2 (*)
│   │   │   ├── lazy_static v1.4.0
│   │   │   └── tokio v1.0.1 (*)
│   │   ├── chrono v0.4.19 (*)
│   │   ├── clap v2.33.3 (*)
│   │   ├── futures v0.3.9 (*)
│   │   ├── mz-avro v0.6.5 (D:\git_repo\materialize-learn\src\avro)
│   │   │   ├── anyhow v1.0.38
│   │   │   ├── avro-derive v0.0.0 (proc-macro) (D:\git_repo\materialize-learn\src\avro-derive) (*)
│   │   │   ├── byteorder v1.4.2
│   │   │   ├── chrono v0.4.19 (*)
│   │   │   ├── crc v1.8.1
│   │   │   │   [build-dependencies]
│   │   │   │   └── build_const v0.2.1
│   │   │   ├── digest v0.9.0 (*)
│   │   │   ├── enum-kinds v0.5.0 (proc-macro)
│   │   │   │   ├── proc-macro2 v1.0.24 (*)
│   │   │   │   ├── quote v1.0.8 (*)
│   │   │   │   └── syn v1.0.55 (*)
│   │   │   ├── flate2 v1.0.19
│   │   │   │   ├── cfg-if v1.0.0
│   │   │   │   ├── crc32fast v1.2.1 (*)
│   │   │   │   ├── libc v0.2.81
│   │   │   │   └── miniz_oxide v0.4.0
│   │   │   │       └── adler v0.2.3
│   │   │   ├── itertools v0.9.0
│   │   │   │   └── either v1.5.2
│   │   │   ├── log v0.4.13 (*)
│   │   │   ├── rand v0.8.0 (*)
│   │   │   ├── regex v1.4.3 (*)
│   │   │   ├── serde v1.0.118 (*)
│   │   │   ├── serde_json v1.0.60 (*)
│   │   │   ├── sha2 v0.9.2 (*)
│   │   │   ├── snap v1.0.3
│   │   │   └── uuid v0.8.2 (*)
│   │   │   [dev-dependencies]
│   │   │   ├── lazy_static v1.4.0
│   │   │   └── md-5 v0.9.1
│   │   │       ├── block-buffer v0.9.0 (*)
│   │   │       ├── digest v0.9.0 (*)
│   │   │       └── opaque-debug v0.3.0
│   │   ├── ore v0.0.0 (D:\git_repo\materialize-learn\src\ore) (*)
│   │   ├── rand v0.8.0 (*)
│   │   ├── rdkafka v0.25.0-dev (https://github.com/fede1024/rust-rdkafka.git#2e168f4d)
│   │   │   ├── futures v0.3.9 (*)
│   │   │   ├── libc v0.2.81
│   │   │   ├── log v0.4.13 (*)
│   │   │   ├── rdkafka-sys v2.1.1+1.5.3 (https://github.com/fede1024/rust-rdkafka.git#2e168f4d)
│   │   │   │   ├── libc v0.2.81
│   │   │   │   ├── libz-sys v1.1.2
│   │   │   │   │   └── libc v0.2.81
│   │   │   │   │   [build-dependencies]
│   │   │   │   │   ├── cc v1.0.50 (*)
│   │   │   │   │   ├── pkg-config v0.3.17
│   │   │   │   │   └── vcpkg v0.2.8
│   │   │   │   ├── num_enum v0.5.1
│   │   │   │   │   ├── derivative v2.1.1 (proc-macro)
│   │   │   │   │   │   ├── proc-macro2 v1.0.24 (*)
│   │   │   │   │   │   ├── quote v1.0.8 (*)
│   │   │   │   │   │   └── syn v1.0.55 (*)
│   │   │   │   │   └── num_enum_derive v0.5.1 (proc-macro)
│   │   │   │   │       ├── proc-macro-crate v0.1.4
│   │   │   │   │       │   └── toml v0.5.8
│   │   │   │   │       │       └── serde v1.0.118 (*)
│   │   │   │   │       ├── proc-macro2 v1.0.24 (*)
│   │   │   │   │       ├── quote v1.0.8 (*)
│   │   │   │   │       └── syn v1.0.55 (*)
│   │   │   │   ├── openssl-sys v0.9.60 (*)
│   │   │   │   ├── sasl2-sys v0.1.11
│   │   │   │   │   ├── krb5-src v0.2.4+1.18.2
│   │   │   │   │   │   └── openssl-sys v0.9.60 (*)
│   │   │   │   │   │   [build-dependencies]
│   │   │   │   │   │   └── duct v0.13.3
│   │   │   │   │   │       ├── once_cell v1.5.2
│   │   │   │   │   │       ├── os_pipe v0.9.1
│   │   │   │   │   │       │   └── winapi v0.3.8
│   │   │   │   │   │       └── shared_child v0.3.4
│   │   │   │   │   │           └── winapi v0.3.8
│   │   │   │   │   └── libc v0.2.81
│   │   │   │   │   [build-dependencies]
│   │   │   │   │   ├── cc v1.0.50 (*)
│   │   │   │   │   ├── duct v0.13.3 (*)
│   │   │   │   │   └── pkg-config v0.3.17
│   │   │   │   └── zstd-sys v1.4.19+zstd.1.4.8
│   │   │   │       └── libc v0.2.81
│   │   │   │       [build-dependencies]
│   │   │   │       ├── cc v1.0.50 (*)
│   │   │   │       ├── glob v0.3.0
│   │   │   │       └── itertools v0.9.0 (*)
│   │   │   │   [build-dependencies]
│   │   │   │   ├── cmake v0.1.41
│   │   │   │   │   └── cc v1.0.50 (*)
│   │   │   │   └── pkg-config v0.3.17
│   │   │   ├── serde v1.0.118 (*)
│   │   │   ├── serde_derive v1.0.118 (proc-macro) (*)
│   │   │   ├── serde_json v1.0.60 (*)
│   │   │   ├── slab v0.4.2
│   │   │   └── tokio v1.0.1 (*)
│   │   ├── serde v1.0.118 (*)
│   │   ├── serde_json v1.0.60 (*)
│   │   ├── tokio v1.0.1 (*)
│   │   └── url v2.2.0 (*)
│   ├── log v0.4.13 (*)
│   ├── ore v0.0.0 (D:\git_repo\materialize-learn\src\ore) (*)
│   ├── rand v0.8.0 (*)
│   ├── rdkafka v0.25.0-dev (https://github.com/fede1024/rust-rdkafka.git#2e168f4d) (*)
│   ├── tokio v1.0.1 (*)
│   └── tokio-postgres v0.7.0
│       ├── async-trait v0.1.42 (proc-macro) (*)
│       ├── byteorder v1.4.2
│       ├── bytes v1.0.0
│       ├── fallible-iterator v0.2.0
│       ├── futures v0.3.9 (*)
│       ├── log v0.4.13 (*)
│       ├── parking_lot v0.11.0
│       │   ├── instant v0.1.6
│       │   ├── lock_api v0.4.2
│       │   │   └── scopeguard v1.1.0
│       │   └── parking_lot_core v0.8.2
│       │       ├── cfg-if v1.0.0
│       │       ├── instant v0.1.6
│       │       ├── smallvec v1.6.1 (*)
│       │       └── winapi v0.3.8
│       ├── percent-encoding v2.1.0
│       ├── phf v0.8.0
│       │   └── phf_shared v0.8.0 (*)
│       ├── pin-project-lite v0.2.0
│       ├── postgres-protocol v0.6.0 (*)
│       ├── postgres-types v0.2.0 (*)
│       ├── socket2 v0.3.19 (*)
│       ├── tokio v1.0.1 (*)
│       └── tokio-util v0.6.0 (*)
├── tokio v1.0.1 (*)
├── tokio-postgres v0.7.0 (*)
└── uuid v0.8.2 (*)
[build-dependencies]
└── protoc v0.0.0 (D:\git_repo\materialize-learn\src\protoc)
    ├── anyhow v1.0.38
    ├── ore v0.0.0 (D:\git_repo\materialize-learn\src\ore) (*)
    ├── protobuf v2.17.0 (*)
    ├── protobuf-codegen v2.17.0
    │   └── protobuf v2.17.0 (*)
    ├── protobuf-codegen-pure v2.17.0
    │   ├── protobuf v2.17.0 (*)
    │   └── protobuf-codegen v2.17.0 (*)
    ├── structopt v0.3.21 (*)
    └── tempfile v3.1.0
        ├── cfg-if v0.1.10
        ├── rand v0.7.3
        │   ├── getrandom v0.1.14
        │   │   └── cfg-if v0.1.10
        │   ├── rand_chacha v0.2.2
        │   │   ├── ppv-lite86 v0.2.10
        │   │   └── rand_core v0.5.1
        │   │       └── getrandom v0.1.14 (*)
        │   ├── rand_core v0.5.1 (*)
        │   └── rand_pcg v0.2.1
        │       └── rand_core v0.5.1 (*)
        ├── remove_dir_all v0.5.1
        │   └── winapi v0.3.8
        └── winapi v0.3.8

build-info v0.0.0 (D:\git_repo\materialize-learn\src\build-info)

ccsr v0.0.0 (D:\git_repo\materialize-learn\src\ccsr) (*)

chaos v0.0.0 (D:\git_repo\materialize-learn\test\chaos)
├── anyhow v1.0.38
├── env_logger v0.8.2 (*)
├── futures v0.3.9 (*)
├── log v0.4.13 (*)
├── md-5 v0.9.1 (*)
├── ore v0.0.0 (D:\git_repo\materialize-learn\src\ore) (*)
├── rand v0.8.0 (*)
├── structopt v0.3.21 (*)
├── test-util v0.0.0 (D:\git_repo\materialize-learn\test\test-util) (*)
└── tokio v1.0.1 (*)

comm v0.0.0 (D:\git_repo\materialize-learn\src\comm)
├── backtrace v0.3.55
│   ├── addr2line v0.14.0
│   │   └── gimli v0.23.0
│   ├── cfg-if v1.0.0
│   ├── libc v0.2.81
│   ├── miniz_oxide v0.4.0 (*)
│   ├── object v0.22.0
│   └── rustc-demangle v0.1.16
├── bincode v1.3.1
│   ├── byteorder v1.4.2
│   └── serde v1.0.118 (*)
├── bytes v1.0.0
├── futures v0.3.9 (*)
├── log v0.4.13 (*)
├── num_enum v0.5.1 (*)
├── ore v0.0.0 (D:\git_repo\materialize-learn\src\ore) (*)
├── rand v0.8.0 (*)
├── serde v1.0.118 (*)
├── tokio v1.0.1 (*)
├── tokio-serde v0.8.0
│   ├── bincode v1.3.1 (*)
│   ├── bytes v1.0.0
│   ├── educe v0.4.13 (proc-macro)
│   │   ├── enum-ordinalize v3.1.8 (proc-macro)
│   │   │   ├── num-bigint v0.3.1
│   │   │   │   ├── num-integer v0.1.42 (*)
│   │   │   │   └── num-traits v0.2.14 (*)
│   │   │   │   [build-dependencies]
│   │   │   │   └── autocfg v1.0.1
│   │   │   ├── num-traits v0.2.14 (*)
│   │   │   ├── proc-macro2 v1.0.24 (*)
│   │   │   ├── quote v1.0.8 (*)
│   │   │   └── syn v1.0.55 (*)
│   │   ├── proc-macro2 v1.0.24 (*)
│   │   ├── quote v1.0.8 (*)
│   │   └── syn v1.0.55 (*)
│   ├── futures-core v0.3.9
│   ├── futures-sink v0.3.9
│   ├── pin-project v1.0.1 (*)
│   └── serde v1.0.118 (*)
├── tokio-util v0.6.0 (*)
└── uuid v0.8.2 (*)
[dev-dependencies]
├── assert_cmd v1.0.2
│   ├── doc-comment v0.3.1
│   ├── predicates v1.0.6
│   │   ├── difference v2.0.0
│   │   ├── float-cmp v0.8.0
│   │   │   └── num-traits v0.2.14 (*)
│   │   ├── normalize-line-endings v0.3.0
│   │   ├── predicates-core v1.0.0
│   │   └── regex v1.4.3 (*)
│   ├── predicates-core v1.0.0
│   ├── predicates-tree v1.0.0
│   │   ├── predicates-core v1.0.0
│   │   └── treeline v0.1.0
│   └── wait-timeout v0.2.0
├── predicates v1.0.6 (*)
└── structopt v0.3.21 (*)

coord v0.0.0 (D:\git_repo\materialize-learn\src\coord)
├── anyhow v1.0.38
├── aws-util v0.0.0 (D:\git_repo\materialize-learn\src\aws-util) (*)
├── backtrace v0.3.55 (*)
├── build-info v0.0.0 (D:\git_repo\materialize-learn\src\build-info)
├── byteorder v1.4.2
├── ccsr v0.0.0 (D:\git_repo\materialize-learn\src\ccsr) (*)
├── chrono v0.4.19 (*)
├── comm v0.0.0 (D:\git_repo\materialize-learn\src\comm) (*)
├── dataflow v0.0.0 (D:\git_repo\materialize-learn\src\dataflow)
│   ├── anyhow v1.0.38
│   ├── async-trait v0.1.42 (proc-macro) (*)
│   ├── aws-util v0.0.0 (D:\git_repo\materialize-learn\src\aws-util) (*)
│   ├── bincode v1.3.1 (*)
│   ├── byteorder v1.4.2
│   ├── ccsr v0.0.0 (D:\git_repo\materialize-learn\src\ccsr) (*)
│   ├── comm v0.0.0 (D:\git_repo\materialize-learn\src\comm) (*)
│   ├── csv-core v0.1.10 (*)
│   ├── dataflow-types v0.0.0 (D:\git_repo\materialize-learn\src\dataflow-types)
│   │   ├── anyhow v1.0.38
│   │   ├── aws-util v0.0.0 (D:\git_repo\materialize-learn\src\aws-util) (*)
│   │   ├── ccsr v0.0.0 (D:\git_repo\materialize-learn\src\ccsr) (*)
│   │   ├── comm v0.0.0 (D:\git_repo\materialize-learn\src\comm) (*)
│   │   ├── expr v0.0.0 (D:\git_repo\materialize-learn\src\expr)
│   │   │   ├── aho-corasick v0.7.15 (*)
│   │   │   ├── anyhow v1.0.38
│   │   │   ├── chrono v0.4.19 (*)
│   │   │   ├── csv v1.1.5 (*)
│   │   │   ├── encoding v0.2.33
│   │   │   │   ├── encoding-index-japanese v1.20141219.5
│   │   │   │   │   └── encoding_index_tests v0.1.4
│   │   │   │   ├── encoding-index-korean v1.20141219.5
│   │   │   │   │   └── encoding_index_tests v0.1.4
│   │   │   │   ├── encoding-index-simpchinese v1.20141219.5
│   │   │   │   │   └── encoding_index_tests v0.1.4
│   │   │   │   ├── encoding-index-singlebyte v1.20141219.5
│   │   │   │   │   └── encoding_index_tests v0.1.4
│   │   │   │   └── encoding-index-tradchinese v1.20141219.5
│   │   │   │       └── encoding_index_tests v0.1.4
│   │   │   ├── enum-iterator v0.6.0
│   │   │   │   └── enum-iterator-derive v0.6.0 (proc-macro)
│   │   │   │       ├── proc-macro2 v1.0.24 (*)
│   │   │   │       ├── quote v1.0.8 (*)
│   │   │   │       └── syn v1.0.55 (*)
│   │   │   ├── hmac v0.10.1 (*)
│   │   │   ├── itertools v0.9.0 (*)
│   │   │   ├── md-5 v0.9.1 (*)
│   │   │   ├── num_enum v0.5.1 (*)
│   │   │   ├── ordered-float v2.0.1
│   │   │   │   ├── num-traits v0.2.14 (*)
│   │   │   │   └── serde v1.0.118 (*)
│   │   │   ├── ore v0.0.0 (D:\git_repo\materialize-learn\src\ore) (*)
│   │   │   ├── pdqselect v0.1.0
│   │   │   ├── pgrepr v0.0.0 (D:\git_repo\materialize-learn\src\pgrepr)
│   │   │   │   ├── byteorder v1.4.2
│   │   │   │   ├── bytes v1.0.0
│   │   │   │   ├── chrono v0.4.19 (*)
│   │   │   │   ├── lazy_static v1.4.0
│   │   │   │   ├── ore v0.0.0 (D:\git_repo\materialize-learn\src\ore) (*)
│   │   │   │   ├── postgres-types v0.2.0 (*)
│   │   │   │   ├── repr v0.0.0 (D:\git_repo\materialize-learn\src\repr)
│   │   │   │   │   ├── anyhow v1.0.38
│   │   │   │   │   ├── byteorder v1.4.2
│   │   │   │   │   ├── chrono v0.4.19 (*)
│   │   │   │   │   ├── chrono-tz v0.5.3
│   │   │   │   │   │   ├── chrono v0.4.19 (*)
│   │   │   │   │   │   └── serde v1.0.118 (*)
│   │   │   │   │   │   [build-dependencies]
│   │   │   │   │   │   └── parse-zoneinfo v0.3.0
│   │   │   │   │   │       └── regex v1.4.3 (*)
│   │   │   │   │   ├── enum-kinds v0.5.0 (proc-macro) (*)
│   │   │   │   │   ├── hex v0.4.2
│   │   │   │   │   ├── itertools v0.9.0 (*)
│   │   │   │   │   ├── ordered-float v2.0.1 (*)
│   │   │   │   │   ├── ore v0.0.0 (D:\git_repo\materialize-learn\src\ore) (*)
│   │   │   │   │   ├── regex v1.4.3 (*)
│   │   │   │   │   ├── serde v1.0.118 (*)
│   │   │   │   │   ├── serde_json v1.0.60 (*)
│   │   │   │   │   ├── serde_regex v1.1.0
│   │   │   │   │   │   ├── regex v1.4.3 (*)
│   │   │   │   │   │   └── serde v1.0.118 (*)
│   │   │   │   │   ├── smallvec v1.6.1 (*)
│   │   │   │   │   └── uuid v0.8.2 (*)
│   │   │   │   │   [dev-dependencies]
│   │   │   │   │   ├── criterion v0.3.3
│   │   │   │   │   │   ├── atty v0.2.14 (*)
│   │   │   │   │   │   ├── cast v0.2.2
│   │   │   │   │   │   ├── clap v2.33.3 (*)
│   │   │   │   │   │   ├── criterion-plot v0.4.3
│   │   │   │   │   │   │   ├── cast v0.2.2
│   │   │   │   │   │   │   └── itertools v0.9.0 (*)
│   │   │   │   │   │   ├── csv v1.1.5 (*)
│   │   │   │   │   │   ├── itertools v0.9.0 (*)
│   │   │   │   │   │   ├── lazy_static v1.4.0
│   │   │   │   │   │   ├── num-traits v0.2.14 (*)
│   │   │   │   │   │   ├── oorandom v11.1.0
│   │   │   │   │   │   ├── plotters v0.2.12
│   │   │   │   │   │   │   └── num-traits v0.2.14 (*)
│   │   │   │   │   │   ├── rayon v1.5.0
│   │   │   │   │   │   │   ├── crossbeam-deque v0.8.0
│   │   │   │   │   │   │   │   ├── cfg-if v1.0.0
│   │   │   │   │   │   │   │   ├── crossbeam-epoch v0.9.1
│   │   │   │   │   │   │   │   │   ├── cfg-if v1.0.0
│   │   │   │   │   │   │   │   │   ├── const_fn v0.4.5 (proc-macro)
│   │   │   │   │   │   │   │   │   ├── crossbeam-utils v0.8.1 (*)
│   │   │   │   │   │   │   │   │   ├── lazy_static v1.4.0
│   │   │   │   │   │   │   │   │   ├── memoffset v0.6.1
│   │   │   │   │   │   │   │   │   │   [build-dependencies]
│   │   │   │   │   │   │   │   │   │   └── autocfg v1.0.1
│   │   │   │   │   │   │   │   │   └── scopeguard v1.1.0
│   │   │   │   │   │   │   │   └── crossbeam-utils v0.8.1 (*)
│   │   │   │   │   │   │   ├── either v1.5.2
│   │   │   │   │   │   │   └── rayon-core v1.9.0
│   │   │   │   │   │   │       ├── crossbeam-channel v0.5.0
│   │   │   │   │   │   │       │   ├── cfg-if v1.0.0
│   │   │   │   │   │   │       │   └── crossbeam-utils v0.8.1 (*)
│   │   │   │   │   │   │       ├── crossbeam-deque v0.8.0 (*)
│   │   │   │   │   │   │       ├── crossbeam-utils v0.8.1 (*)
│   │   │   │   │   │   │       ├── lazy_static v1.4.0
│   │   │   │   │   │   │       └── num_cpus v1.13.0 (*)
│   │   │   │   │   │   │   [build-dependencies]
│   │   │   │   │   │   │   └── autocfg v1.0.1
│   │   │   │   │   │   ├── regex v1.4.3 (*)
│   │   │   │   │   │   ├── serde v1.0.118 (*)
│   │   │   │   │   │   ├── serde_cbor v0.11.1
│   │   │   │   │   │   │   ├── half v1.6.0
│   │   │   │   │   │   │   └── serde v1.0.118 (*)
│   │   │   │   │   │   ├── serde_derive v1.0.118 (proc-macro) (*)
│   │   │   │   │   │   ├── serde_json v1.0.60 (*)
│   │   │   │   │   │   ├── tinytemplate v1.1.0
│   │   │   │   │   │   │   ├── serde v1.0.118 (*)
│   │   │   │   │   │   │   └── serde_json v1.0.60 (*)
│   │   │   │   │   │   └── walkdir v2.3.1
│   │   │   │   │   │       ├── same-file v1.0.4
│   │   │   │   │   │       │   └── winapi-util v0.1.3 (*)
│   │   │   │   │   │       ├── winapi v0.3.8
│   │   │   │   │   │       └── winapi-util v0.1.3 (*)
│   │   │   │   │   └── rand v0.8.0 (*)
│   │   │   │   └── uuid v0.8.2 (*)
│   │   │   ├── regex v1.4.3 (*)
│   │   │   ├── regex-syntax v0.6.22
│   │   │   ├── repr v0.0.0 (D:\git_repo\materialize-learn\src\repr) (*)
│   │   │   ├── serde v1.0.118 (*)
│   │   │   ├── serde_json v1.0.60 (*)
│   │   │   ├── sha-1 v0.9.2
│   │   │   │   ├── block-buffer v0.9.0 (*)
│   │   │   │   ├── cfg-if v1.0.0
│   │   │   │   ├── cpuid-bool v0.1.2
│   │   │   │   ├── digest v0.9.0 (*)
│   │   │   │   └── opaque-debug v0.3.0
│   │   │   ├── sha2 v0.9.2 (*)
│   │   │   └── unicase v2.6.0 (*)
│   │   ├── globset v0.4.6
│   │   │   ├── aho-corasick v0.7.15 (*)
│   │   │   ├── bstr v0.2.14 (*)
│   │   │   ├── fnv v1.0.7
│   │   │   ├── log v0.4.13 (*)
│   │   │   ├── regex v1.4.3 (*)
│   │   │   └── serde v1.0.118 (*)
│   │   ├── interchange v0.0.0 (D:\git_repo\materialize-learn\src\interchange)
│   │   │   ├── anyhow v1.0.38
│   │   │   ├── avro-derive v0.0.0 (proc-macro) (D:\git_repo\materialize-learn\src\avro-derive) (*)
│   │   │   ├── base64 v0.13.0
│   │   │   ├── byteorder v1.4.2
│   │   │   ├── ccsr v0.0.0 (D:\git_repo\materialize-learn\src\ccsr) (*)
│   │   │   ├── chrono v0.4.19 (*)
│   │   │   ├── differential-dataflow v0.11.0 (https://github.com/TimelyDataflow/differential-dataflow.git#f86e881a)
│   │   │   │   ├── abomonation v0.7.3
│   │   │   │   ├── abomonation_derive v0.5.0 (proc-macro)
│   │   │   │   │   ├── proc-macro2 v1.0.24 (*)
│   │   │   │   │   ├── quote v1.0.8 (*)
│   │   │   │   │   └── synstructure v0.12.3
│   │   │   │   │       ├── proc-macro2 v1.0.24 (*)
│   │   │   │   │       ├── quote v1.0.8 (*)
│   │   │   │   │       ├── syn v1.0.55 (*)
│   │   │   │   │       └── unicode-xid v0.2.0
│   │   │   │   ├── fnv v1.0.7
│   │   │   │   ├── serde v1.0.118 (*)
│   │   │   │   ├── serde_derive v1.0.118 (proc-macro) (*)
│   │   │   │   ├── timely v0.11.1 (https://github.com/TimelyDataflow/timely-dataflow#de69cfc4)
│   │   │   │   │   ├── abomonation v0.7.3
│   │   │   │   │   ├── abomonation_derive v0.5.0 (proc-macro) (*)
│   │   │   │   │   ├── crossbeam-channel v0.5.0 (*)
│   │   │   │   │   ├── getopts v0.2.21
│   │   │   │   │   │   └── unicode-width v0.1.8
│   │   │   │   │   ├── serde v1.0.118 (*)
│   │   │   │   │   ├── serde_derive v1.0.118 (proc-macro) (*)
│   │   │   │   │   ├── timely_bytes v0.11.0 (https://github.com/TimelyDataflow/timely-dataflow#de69cfc4)
│   │   │   │   │   ├── timely_communication v0.11.1 (https://github.com/TimelyDataflow/timely-dataflow#de69cfc4)
│   │   │   │   │   │   ├── abomonation v0.7.3
│   │   │   │   │   │   ├── abomonation_derive v0.5.0 (proc-macro) (*)
│   │   │   │   │   │   ├── bincode v1.3.1 (*)
│   │   │   │   │   │   ├── crossbeam-channel v0.5.0 (*)
│   │   │   │   │   │   ├── getopts v0.2.21 (*)
│   │   │   │   │   │   ├── serde v1.0.118 (*)
│   │   │   │   │   │   ├── serde_derive v1.0.118 (proc-macro) (*)
│   │   │   │   │   │   ├── timely_bytes v0.11.0 (https://github.com/TimelyDataflow/timely-dataflow#de69cfc4)
│   │   │   │   │   │   └── timely_logging v0.11.1 (https://github.com/TimelyDataflow/timely-dataflow#de69cfc4)
│   │   │   │   │   └── timely_logging v0.11.1 (https://github.com/TimelyDataflow/timely-dataflow#de69cfc4)
│   │   │   │   └── timely_sort v0.1.6
│   │   │   ├── futures v0.3.9 (*)
│   │   │   ├── hex v0.4.2
│   │   │   ├── itertools v0.9.0 (*)
│   │   │   ├── lazy_static v1.4.0
│   │   │   ├── log v0.4.13 (*)
│   │   │   ├── mz-avro v0.6.5 (D:\git_repo\materialize-learn\src\avro) (*)
│   │   │   ├── num-traits v0.2.14 (*)
│   │   │   ├── ordered-float v2.0.1 (*)
│   │   │   ├── ore v0.0.0 (D:\git_repo\materialize-learn\src\ore) (*)
│   │   │   ├── protobuf v2.17.0 (*)
│   │   │   ├── repr v0.0.0 (D:\git_repo\materialize-learn\src\repr) (*)
│   │   │   ├── serde v1.0.118 (*)
│   │   │   ├── serde-protobuf v0.8.2-alpha.0 (https://github.com/MaterializeInc/serde-protobuf.git?branch=add-iter-messages#fae1e030)
│   │   │   │   ├── failure v0.1.8
│   │   │   │   │   ├── backtrace v0.3.55 (*)
│   │   │   │   │   └── failure_derive v0.1.7 (proc-macro)
│   │   │   │   │       ├── proc-macro2 v1.0.24 (*)
│   │   │   │   │       ├── quote v1.0.8 (*)
│   │   │   │   │       ├── syn v1.0.55 (*)
│   │   │   │   │       └── synstructure v0.12.3 (*)
│   │   │   │   ├── linked-hash-map v0.5.3
│   │   │   │   ├── log v0.4.13 (*)
│   │   │   │   ├── protobuf v2.17.0 (*)
│   │   │   │   └── serde v1.0.118 (*)
│   │   │   ├── serde-value v0.7.0
│   │   │   │   ├── ordered-float v2.0.1 (*)
│   │   │   │   └── serde v1.0.118 (*)
│   │   │   ├── serde_json v1.0.60 (*)
│   │   │   ├── sha2 v0.9.2 (*)
│   │   │   ├── smallvec v1.6.1 (*)
│   │   │   ├── url v2.2.0 (*)
│   │   │   └── uuid v0.8.2 (*)
│   │   │   [build-dependencies]
│   │   │   └── protoc v0.0.0 (D:\git_repo\materialize-learn\src\protoc) (*)
│   │   │   [dev-dependencies]
│   │   │   └── criterion v0.3.3 (*)
│   │   ├── kafka-util v0.0.0 (D:\git_repo\materialize-learn\src\kafka-util) (*)
│   │   ├── log v0.4.13 (*)
│   │   ├── regex v1.4.3 (*)
│   │   ├── repr v0.0.0 (D:\git_repo\materialize-learn\src\repr) (*)
│   │   ├── rusoto_core v0.46.0 (https://github.com/rusoto/rusoto.git#b94d7beb) (*)
│   │   ├── serde v1.0.118 (*)
│   │   ├── serde_regex v1.1.0 (*)
│   │   ├── timely v0.11.1 (https://github.com/TimelyDataflow/timely-dataflow#de69cfc4) (*)
│   │   ├── url v2.2.0 (*)
│   │   └── uuid v0.8.2 (*)
│   │   [dev-dependencies]
│   │   └── serde_json v1.0.60 (*)
│   ├── differential-dataflow v0.11.0 (https://github.com/TimelyDataflow/differential-dataflow.git#f86e881a) (*)
│   ├── dogsdogsdogs v0.1.0 (https://github.com/TimelyDataflow/differential-dataflow.git#f86e881a)
│   │   ├── abomonation v0.7.3
│   │   ├── abomonation_derive v0.5.0 (proc-macro) (*)
│   │   ├── differential-dataflow v0.11.0 (https://github.com/TimelyDataflow/differential-dataflow.git#f86e881a) (*)
│   │   ├── serde v1.0.118 (*)
│   │   ├── serde_derive v1.0.118 (proc-macro) (*)
│   │   ├── timely v0.11.1 (https://github.com/TimelyDataflow/timely-dataflow#de69cfc4) (*)
│   │   └── timely_sort v0.1.6
│   ├── expr v0.0.0 (D:\git_repo\materialize-learn\src\expr) (*)
│   ├── futures v0.3.9 (*)
│   ├── globset v0.4.6 (*)
│   ├── inotify v0.9.2
│   │   ├── bitflags v1.2.1
│   │   ├── futures-core v0.3.9
│   │   ├── inotify-sys v0.1.4
│   │   │   └── libc v0.2.81
│   │   ├── libc v0.2.81
│   │   └── tokio v1.0.1 (*)
│   ├── interchange v0.0.0 (D:\git_repo\materialize-learn\src\interchange) (*)
│   ├── itertools v0.9.0 (*)
│   ├── kafka-util v0.0.0 (D:\git_repo\materialize-learn\src\kafka-util) (*)
│   ├── lazy_static v1.4.0
│   ├── log v0.4.13 (*)
│   ├── mz-avro v0.6.5 (D:\git_repo\materialize-learn\src\avro) (*)
│   ├── ore v0.0.0 (D:\git_repo\materialize-learn\src\ore) (*)
│   ├── pdqselect v0.1.0
│   ├── prometheus v0.10.0 (https://github.com/MaterializeInc/rust-prometheus.git#97c8de12)
│   │   ├── cfg-if v1.0.0
│   │   ├── fnv v1.0.7
│   │   ├── lazy_static v1.4.0
│   │   ├── parking_lot v0.11.0 (*)
│   │   ├── regex v1.4.3 (*)
│   │   └── thiserror v1.0.20
│   │       └── thiserror-impl v1.0.20 (proc-macro)
│   │           ├── proc-macro2 v1.0.24 (*)
│   │           ├── quote v1.0.8 (*)
│   │           └── syn v1.0.55 (*)
│   ├── prometheus-static-metric v0.5.0-rc.1 (proc-macro) (https://github.com/MaterializeInc/rust-prometheus.git#97c8de12)
│   │   ├── lazy_static v1.4.0
│   │   ├── proc-macro2 v1.0.24 (*)
│   │   ├── quote v1.0.8 (*)
│   │   └── syn v1.0.55 (*)
│   ├── rand v0.8.0 (*)
│   ├── rdkafka v0.25.0-dev (https://github.com/fede1024/rust-rdkafka.git#2e168f4d) (*)
│   ├── regex v1.4.3 (*)
│   ├── repr v0.0.0 (D:\git_repo\materialize-learn\src\repr) (*)
│   ├── rusoto_core v0.46.0 (https://github.com/rusoto/rusoto.git#b94d7beb) (*)
│   ├── rusoto_credential v0.46.0 (https://github.com/rusoto/rusoto.git#b94d7beb) (*)
│   ├── rusoto_kinesis v0.46.0 (https://github.com/rusoto/rusoto.git#b94d7beb) (*)
│   ├── rusoto_s3 v0.46.0 (https://github.com/rusoto/rusoto.git#b94d7beb) (*)
│   ├── serde v1.0.118 (*)
│   ├── serde_json v1.0.60 (*)
│   ├── timely v0.11.1 (https://github.com/TimelyDataflow/timely-dataflow#de69cfc4) (*)
│   ├── tokio v1.0.1 (*)
│   ├── tokio-util v0.6.0 (*)
│   ├── url v2.2.0 (*)
│   └── uuid v0.8.2 (*)
├── dataflow-types v0.0.0 (D:\git_repo\materialize-learn\src\dataflow-types) (*)
├── derivative v2.1.1 (proc-macro) (*)
├── differential-dataflow v0.11.0 (https://github.com/TimelyDataflow/differential-dataflow.git#f86e881a) (*)
├── expr v0.0.0 (D:\git_repo\materialize-learn\src\expr) (*)
├── futures v0.3.9 (*)
├── interchange v0.0.0 (D:\git_repo\materialize-learn\src\interchange) (*)
├── itertools v0.9.0 (*)
├── lazy_static v1.4.0
├── log v0.4.13 (*)
├── mz-avro v0.6.5 (D:\git_repo\materialize-learn\src\avro) (*)
├── ore v0.0.0 (D:\git_repo\materialize-learn\src\ore) (*)
├── pgrepr v0.0.0 (D:\git_repo\materialize-learn\src\pgrepr) (*)
├── postgres-types v0.2.0 (*)
├── prometheus v0.10.0 (https://github.com/MaterializeInc/rust-prometheus.git#97c8de12) (*)
├── rand v0.8.0 (*)
├── rdkafka v0.25.0-dev (https://github.com/fede1024/rust-rdkafka.git#2e168f4d) (*)
├── regex v1.4.3 (*)
├── repr v0.0.0 (D:\git_repo\materialize-learn\src\repr) (*)
├── rusoto_kinesis v0.46.0 (https://github.com/rusoto/rusoto.git#b94d7beb) (*)
├── rusqlite v0.24.2
│   ├── bitflags v1.2.1
│   ├── fallible-iterator v0.2.0
│   ├── fallible-streaming-iterator v0.1.9
│   ├── hashlink v0.6.0
│   │   └── hashbrown v0.9.1
│   │       └── ahash v0.4.6
│   ├── libsqlite3-sys v0.20.1
│   │   [build-dependencies]
│   │   ├── cc v1.0.50 (*)
│   │   ├── pkg-config v0.3.17
│   │   └── vcpkg v0.2.8
│   ├── memchr v2.3.3
│   └── smallvec v1.6.1 (*)
├── serde v1.0.118 (*)
├── serde_json v1.0.60 (*)
├── sql v0.0.0 (D:\git_repo\materialize-learn\src\sql)
│   ├── anyhow v1.0.38
│   ├── aws-arn v0.1.1
│   │   ├── lazy_static v1.4.0
│   │   └── regex v1.4.3 (*)
│   ├── aws-util v0.0.0 (D:\git_repo\materialize-learn\src\aws-util) (*)
│   ├── build-info v0.0.0 (D:\git_repo\materialize-learn\src\build-info)
│   ├── ccsr v0.0.0 (D:\git_repo\materialize-learn\src\ccsr) (*)
│   ├── chrono v0.4.19 (*)
│   ├── dataflow-types v0.0.0 (D:\git_repo\materialize-learn\src\dataflow-types) (*)
│   ├── expr v0.0.0 (D:\git_repo\materialize-learn\src\expr) (*)
│   ├── futures v0.3.9 (*)
│   ├── globset v0.4.6 (*)
│   ├── interchange v0.0.0 (D:\git_repo\materialize-learn\src\interchange) (*)
│   ├── itertools v0.9.0 (*)
│   ├── lazy_static v1.4.0
│   ├── log v0.4.13 (*)
│   ├── mz-avro v0.6.5 (D:\git_repo\materialize-learn\src\avro) (*)
│   ├── ore v0.0.0 (D:\git_repo\materialize-learn\src\ore) (*)
│   ├── parse_duration v2.1.0 (*)
│   ├── pgrepr v0.0.0 (D:\git_repo\materialize-learn\src\pgrepr) (*)
│   ├── rdkafka v0.25.0-dev (https://github.com/fede1024/rust-rdkafka.git#2e168f4d) (*)
│   ├── regex v1.4.3 (*)
│   ├── repr v0.0.0 (D:\git_repo\materialize-learn\src\repr) (*)
│   ├── reqwest v0.11.0 (*)
│   ├── rusoto_core v0.46.0 (https://github.com/rusoto/rusoto.git#b94d7beb) (*)
│   ├── serde v1.0.118 (*)
│   ├── serde_json v1.0.60 (*)
│   ├── sql-parser v0.0.0 (D:\git_repo\materialize-learn\src\sql-parser)
│   │   ├── itertools v0.9.0 (*)
│   │   ├── lazy_static v1.4.0
│   │   ├── log v0.4.13 (*)
│   │   ├── ore v0.0.0 (D:\git_repo\materialize-learn\src\ore) (*)
│   │   ├── phf v0.8.0 (*)
│   │   ├── repr v0.0.0 (D:\git_repo\materialize-learn\src\repr) (*)
│   │   ├── stacker v0.1.12
│   │   │   ├── cfg-if v0.1.10
│   │   │   ├── libc v0.2.81
│   │   │   ├── psm v0.1.9
│   │   │   │   [build-dependencies]
│   │   │   │   └── cc v1.0.50 (*)
│   │   │   └── winapi v0.3.8
│   │   │   [build-dependencies]
│   │   │   └── cc v1.0.50 (*)
│   │   └── unicase v2.6.0 (*)
│   │   [build-dependencies]
│   │   ├── anyhow v1.0.38
│   │   ├── ore v0.0.0 (D:\git_repo\materialize-learn\src\ore) (*)
│   │   ├── phf_codegen v0.8.0
│   │   │   ├── phf_generator v0.8.0
│   │   │   │   ├── phf_shared v0.8.0 (*)
│   │   │   │   └── rand v0.7.3 (*)
│   │   │   └── phf_shared v0.8.0 (*)
│   │   ├── unicase v2.6.0 (*)
│   │   └── walkabout v0.0.0 (D:\git_repo\materialize-learn\src\walkabout)
│   │       ├── anyhow v1.0.38
│   │       ├── fstrings v0.2.3
│   │       │   ├── fstrings-proc-macro v0.2.3 (proc-macro)
│   │       │   │   ├── proc-macro-hack v0.5.19 (proc-macro)
│   │       │   │   ├── proc-macro2 v1.0.24 (*)
│   │       │   │   ├── quote v1.0.8 (*)
│   │       │   │   └── syn v1.0.55 (*)
│   │       │   └── proc-macro-hack v0.5.19 (proc-macro)
│   │       ├── ore v0.0.0 (D:\git_repo\materialize-learn\src\ore) (*)
│   │       ├── quote v1.0.8 (*)
│   │       └── syn v1.0.55 (*)
│   │       [dev-dependencies]
│   │       ├── datadriven v0.4.0
│   │       │   └── anyhow v1.0.38
│   │       └── tempfile v3.1.0 (*)
│   │   [dev-dependencies]
│   │   ├── datadriven v0.4.0 (*)
│   │   ├── matches v0.1.8
│   │   └── unicode-width v0.1.8
│   ├── tokio v1.0.1 (*)
│   ├── unicase v2.6.0 (*)
│   ├── url v2.2.0 (*)
│   └── uuid v0.8.2 (*)
├── symbiosis v0.0.0 (D:\git_repo\materialize-learn\src\symbiosis)
│   ├── anyhow v1.0.38
│   ├── chrono v0.4.19 (*)
│   ├── dataflow-types v0.0.0 (D:\git_repo\materialize-learn\src\dataflow-types) (*)
│   ├── expr v0.0.0 (D:\git_repo\materialize-learn\src\expr) (*)
│   ├── log v0.4.13 (*)
│   ├── ore v0.0.0 (D:\git_repo\materialize-learn\src\ore) (*)
│   ├── pgrepr v0.0.0 (D:\git_repo\materialize-learn\src\pgrepr) (*)
│   ├── repr v0.0.0 (D:\git_repo\materialize-learn\src\repr) (*)
│   ├── serde_json v1.0.60 (*)
│   ├── sql v0.0.0 (D:\git_repo\materialize-learn\src\sql) (*)
│   ├── tokio v1.0.1 (*)
│   ├── tokio-postgres v0.7.0 (*)
│   ├── uuid v0.8.2 (*)
│   └── whoami v1.0.3
├── timely v0.11.1 (https://github.com/TimelyDataflow/timely-dataflow#de69cfc4) (*)
├── tokio v1.0.1 (*)
├── tokio-postgres v0.7.0 (*)
├── transform v0.0.0 (D:\git_repo\materialize-learn\src\transform)
│   ├── dataflow-types v0.0.0 (D:\git_repo\materialize-learn\src\dataflow-types) (*)
│   ├── expr v0.0.0 (D:\git_repo\materialize-learn\src\expr) (*)
│   ├── itertools v0.9.0 (*)
│   └── repr v0.0.0 (D:\git_repo\materialize-learn\src\repr) (*)
│   [dev-dependencies]
│   ├── anyhow v1.0.38
│   └── datadriven v0.4.0 (*)
├── unicase v2.6.0 (*)
├── url v2.2.0 (*)
└── uuid v0.8.2 (*)
[dev-dependencies]
└── tempfile v3.1.0 (*)

dataflow v0.0.0 (D:\git_repo\materialize-learn\src\dataflow) (*)

dataflow-bin v0.0.0 (D:\git_repo\materialize-learn\src\dataflow-bin)
├── ore v0.0.0 (D:\git_repo\materialize-learn\src\ore) (*)
├── structopt v0.3.21 (*)
└── timely v0.11.1 (https://github.com/TimelyDataflow/timely-dataflow#de69cfc4) (*)

dataflow-types v0.0.0 (D:\git_repo\materialize-learn\src\dataflow-types) (*)

expr v0.0.0 (D:\git_repo\materialize-learn\src\expr) (*)

interchange v0.0.0 (D:\git_repo\materialize-learn\src\interchange) (*)

kafka-util v0.0.0 (D:\git_repo\materialize-learn\src\kafka-util) (*)

materialized v0.6.1-dev (D:\git_repo\materialize-learn\src\materialized)
├── anyhow v1.0.38
├── askama v0.10.5
│   ├── askama_derive v0.10.5 (proc-macro)
│   │   ├── askama_shared v0.11.1
│   │   │   ├── askama_escape v0.10.1
│   │   │   ├── humansize v1.1.0
│   │   │   ├── nom v6.0.1
│   │   │   │   ├── bitvec v0.19.4
│   │   │   │   │   ├── funty v1.0.1
│   │   │   │   │   ├── radium v0.5.3
│   │   │   │   │   ├── tap v1.0.0
│   │   │   │   │   └── wyz v0.2.0
│   │   │   │   ├── lexical-core v0.7.4
│   │   │   │   │   ├── arrayvec v0.5.1
│   │   │   │   │   ├── bitflags v1.2.1
│   │   │   │   │   ├── cfg-if v0.1.10
│   │   │   │   │   ├── ryu v1.0.2
│   │   │   │   │   └── static_assertions v1.1.0
│   │   │   │   └── memchr v2.3.3
│   │   │   │   [build-dependencies]
│   │   │   │   └── version_check v0.9.2
│   │   │   ├── num-traits v0.2.14 (*)
│   │   │   ├── percent-encoding v2.1.0
│   │   │   ├── proc-macro2 v1.0.24 (*)
│   │   │   ├── quote v1.0.8 (*)
│   │   │   ├── serde v1.0.118 (*)
│   │   │   ├── serde_json v1.0.60 (*)
│   │   │   ├── syn v1.0.55 (*)
│   │   │   └── toml v0.5.8 (*)
│   │   ├── proc-macro2 v1.0.24 (*)
│   │   └── syn v1.0.55 (*)
│   ├── askama_escape v0.10.1
│   └── askama_shared v0.11.1 (*)
├── async-stream v0.3.0
│   ├── async-stream-impl v0.3.0 (proc-macro)
│   │   ├── proc-macro2 v1.0.24 (*)
│   │   ├── quote v1.0.8 (*)
│   │   └── syn v1.0.55 (*)
│   └── futures-core v0.3.9
├── async-trait v0.1.42 (proc-macro) (*)
├── backtrace v0.3.55 (*)
├── build-info v0.0.0 (D:\git_repo\materialize-learn\src\build-info)
├── cfg-if v1.0.0
├── comm v0.0.0 (D:\git_repo\materialize-learn\src\comm) (*)
├── compile-time-run v0.2.11 (proc-macro)
│   ├── proc-macro2 v1.0.24 (*)
│   ├── quote v1.0.8 (*)
│   └── syn v1.0.55 (*)
├── coord v0.0.0 (D:\git_repo\materialize-learn\src\coord) (*)
├── dataflow v0.0.0 (D:\git_repo\materialize-learn\src\dataflow) (*)
├── dataflow-types v0.0.0 (D:\git_repo\materialize-learn\src\dataflow-types) (*)
├── differential-dataflow v0.11.0 (https://github.com/TimelyDataflow/differential-dataflow.git#f86e881a) (*)
├── futures v0.3.9 (*)
├── getopts v0.2.21 (*)
├── hex v0.4.2
├── hyper v0.14.2 (*)
├── include_dir v0.6.0
│   ├── glob v0.3.0
│   ├── include_dir_impl v0.6.0 (proc-macro)
│   │   ├── anyhow v1.0.38
│   │   ├── proc-macro-hack v0.5.19 (proc-macro)
│   │   ├── proc-macro2 v1.0.24 (*)
│   │   ├── quote v1.0.8 (*)
│   │   └── syn v1.0.55 (*)
│   └── proc-macro-hack v0.5.19 (proc-macro)
├── itertools v0.9.0 (*)
├── jemallocator v0.3.2
│   ├── jemalloc-sys v0.3.2
│   │   └── libc v0.2.81
│   │   [build-dependencies]
│   │   ├── cc v1.0.50 (*)
│   │   └── fs_extra v1.1.0
│   └── libc v0.2.81
├── krb5-src v0.2.4+1.18.2 (*)
├── lazy_static v1.4.0
├── log v0.4.13 (*)
├── mz-process-collector v0.0.0 (D:\git_repo\materialize-learn\src\mz-process-collector)
│   ├── lazy_static v1.4.0
│   ├── libc v0.2.81
│   └── prometheus v0.10.0 (https://github.com/MaterializeInc/rust-prometheus.git#97c8de12) (*)
├── num_cpus v1.13.0 (*)
├── openssl v0.10.32 (*)
├── openssl-sys v0.9.60 (*)
├── ore v0.0.0 (D:\git_repo\materialize-learn\src\ore) (*)
├── os_info v3.0.1
│   ├── log v0.4.13 (*)
│   ├── serde v1.0.118 (*)
│   └── winapi v0.3.8
├── parse_duration v2.1.0 (*)
├── pgwire v0.0.0 (D:\git_repo\materialize-learn\src\pgwire)
│   ├── anyhow v1.0.38
│   ├── async-trait v0.1.42 (proc-macro) (*)
│   ├── byteorder v1.4.2
│   ├── bytes v1.0.0
│   ├── chrono v0.4.19 (*)
│   ├── comm v0.0.0 (D:\git_repo\materialize-learn\src\comm) (*)
│   ├── coord v0.0.0 (D:\git_repo\materialize-learn\src\coord) (*)
│   ├── dataflow-types v0.0.0 (D:\git_repo\materialize-learn\src\dataflow-types) (*)
│   ├── expr v0.0.0 (D:\git_repo\materialize-learn\src\expr) (*)
│   ├── futures v0.3.9 (*)
│   ├── itertools v0.9.0 (*)
│   ├── lazy_static v1.4.0
│   ├── log v0.4.13 (*)
│   ├── openssl v0.10.32 (*)
│   ├── ordered-float v2.0.1 (*)
│   ├── ore v0.0.0 (D:\git_repo\materialize-learn\src\ore) (*)
│   ├── pgrepr v0.0.0 (D:\git_repo\materialize-learn\src\pgrepr) (*)
│   ├── postgres v0.19.0
│   │   ├── bytes v1.0.0
│   │   ├── fallible-iterator v0.2.0
│   │   ├── futures v0.3.9 (*)
│   │   ├── log v0.4.13 (*)
│   │   ├── tokio v1.0.1 (*)
│   │   └── tokio-postgres v0.7.0 (*)
│   ├── prometheus v0.10.0 (https://github.com/MaterializeInc/rust-prometheus.git#97c8de12) (*)
│   ├── rand v0.8.0 (*)
│   ├── repr v0.0.0 (D:\git_repo\materialize-learn\src\repr) (*)
│   ├── sql v0.0.0 (D:\git_repo\materialize-learn\src\sql) (*)
│   ├── tokio v1.0.1 (*)
│   ├── tokio-openssl v0.6.0 (*)
│   └── tokio-util v0.6.0 (*)
├── prof v0.0.0 (D:\git_repo\materialize-learn\src\prof)
│   ├── anyhow v1.0.38
│   ├── backtrace v0.3.55 (*)
│   ├── jemalloc-ctl v0.3.3
│   │   ├── jemalloc-sys v0.3.2 (*)
│   │   ├── libc v0.2.81
│   │   └── paste v0.1.18
│   │       ├── paste-impl v0.1.18 (proc-macro)
│   │       │   └── proc-macro-hack v0.5.19 (proc-macro)
│   │       └── proc-macro-hack v0.5.19 (proc-macro)
│   ├── lazy_static v1.4.0
│   ├── pprof v0.4.0
│   │   ├── backtrace v0.3.55 (*)
│   │   ├── lazy_static v1.4.0
│   │   ├── libc v0.2.81
│   │   ├── log v0.4.13 (*)
│   │   ├── nix v0.19.1
│   │   │   ├── bitflags v1.2.1
│   │   │   ├── cfg-if v1.0.0
│   │   │   └── libc v0.2.81
│   │   ├── parking_lot v0.11.0 (*)
│   │   ├── symbolic-demangle v8.0.0
│   │   │   ├── cpp_demangle v0.3.2
│   │   │   │   └── cfg-if v1.0.0
│   │   │   │   [build-dependencies]
│   │   │   │   └── glob v0.3.0
│   │   │   ├── rustc-demangle v0.1.16
│   │   │   └── symbolic-common v8.0.0
│   │   │       ├── debugid v0.7.2
│   │   │       │   └── uuid v0.8.2 (*)
│   │   │       ├── memmap v0.7.0
│   │   │       │   └── winapi v0.3.8
│   │   │       ├── stable_deref_trait v1.2.0
│   │   │       └── uuid v0.8.2 (*)
│   │   ├── tempfile v3.1.0 (*)
│   │   └── thiserror v1.0.20 (*)
│   ├── tempfile v3.1.0 (*)
│   └── tokio v1.0.1 (*)
├── prometheus v0.10.0 (https://github.com/MaterializeInc/rust-prometheus.git#97c8de12) (*)
├── rdkafka-sys v2.1.1+1.5.3 (https://github.com/fede1024/rust-rdkafka.git#2e168f4d) (*)
├── repr v0.0.0 (D:\git_repo\materialize-learn\src\repr) (*)
├── reqwest v0.11.0 (*)
├── rlimit v0.5.3
│   └── libc v0.2.81
├── semver v0.11.0 (*)
├── serde v1.0.118 (*)
├── serde_json v1.0.60 (*)
├── shell-words v1.0.0
├── sql v0.0.0 (D:\git_repo\materialize-learn\src\sql) (*)
├── sql-parser v0.0.0 (D:\git_repo\materialize-learn\src\sql-parser) (*)
├── sysctl v0.4.0
│   ├── bitflags v1.2.1
│   ├── byteorder v1.4.2
│   ├── failure v0.1.8 (*)
│   └── libc v0.2.81
├── sysinfo v0.15.3
│   ├── cfg-if v0.1.10
│   ├── doc-comment v0.3.1
│   ├── libc v0.2.81
│   ├── ntapi v0.3.4 (*)
│   ├── once_cell v1.5.2
│   ├── rayon v1.5.0 (*)
│   └── winapi v0.3.8
├── tempfile v3.1.0 (*)
├── timely v0.11.1 (https://github.com/TimelyDataflow/timely-dataflow#de69cfc4) (*)
├── tokio v1.0.1 (*)
├── tokio-openssl v0.6.0 (*)
├── tracing v0.1.22 (*)
├── tracing-subscriber v0.2.15 (*)
└── url v2.2.0 (*)
[build-dependencies]
├── anyhow v1.0.38
├── flate2 v1.0.19 (*)
├── hex v0.4.2
├── hex-literal v0.3.1 (proc-macro)
├── reqwest v0.11.0 (*)
├── sha2 v0.9.2 (*)
├── tar v0.4.30
│   └── filetime v0.2.13
│       ├── cfg-if v1.0.0
│       └── winapi v0.3.8
└── walkdir v2.3.1 (*)
[dev-dependencies]
├── assert_cmd v1.0.2 (*)
├── chrono v0.4.19 (*)
├── datadriven v0.4.0 (*)
├── fallible-iterator v0.2.0
├── itertools v0.9.0 (*)
├── pgrepr v0.0.0 (D:\git_repo\materialize-learn\src\pgrepr) (*)
├── pgtest v0.0.0 (D:\git_repo\materialize-learn\src\pgtest)
│   ├── anyhow v1.0.38
│   ├── bytes v1.0.0
│   ├── datadriven v0.4.0 (*)
│   ├── fallible-iterator v0.2.0
│   ├── ore v0.0.0 (D:\git_repo\materialize-learn\src\ore) (*)
│   ├── postgres v0.19.0 (*)
│   ├── postgres-protocol v0.6.0 (*)
│   ├── serde v1.0.118 (*)
│   ├── serde_json v1.0.60 (*)
│   └── structopt v0.3.21 (*)
├── postgres v0.19.0 (*)
├── postgres-openssl v0.5.0
│   ├── futures v0.3.9 (*)
│   ├── openssl v0.10.32 (*)
│   ├── tokio v1.0.1 (*)
│   ├── tokio-openssl v0.6.0 (*)
│   └── tokio-postgres v0.7.0 (*)
├── postgres_array v0.11.0
│   ├── bytes v1.0.0
│   ├── fallible-iterator v0.2.0
│   ├── postgres-protocol v0.6.0 (*)
│   └── postgres-types v0.2.0 (*)
├── predicates v1.0.6 (*)
├── repr v0.0.0 (D:\git_repo\materialize-learn\src\repr) (*)
├── reqwest v0.11.0 (*)
├── serde_json v1.0.60 (*)
└── tokio-postgres v0.7.0 (*)

mbta-to-mtrlz v0.0.0 (D:\git_repo\materialize-learn\play\mbta)
├── anyhow v1.0.38
├── byteorder v1.4.2
├── futures v0.3.9 (*)
├── json v0.12.4
├── mz-avro v0.6.5 (D:\git_repo\materialize-learn\src\avro) (*)
├── ordered-float v2.0.1 (*)
├── ore v0.0.0 (D:\git_repo\materialize-learn\src\ore) (*)
├── parse_duration v2.1.0 (*)
├── rdkafka v0.25.0-dev (https://github.com/fede1024/rust-rdkafka.git#2e168f4d) (*)
├── reqwest v0.11.0 (*)
├── serde_json v1.0.60 (*)
├── structopt v0.3.21 (*)
├── test-util v0.0.0 (D:\git_repo\materialize-learn\test\test-util) (*)
└── tokio v1.0.1 (*)

metabase v0.0.0 (D:\git_repo\materialize-learn\src\metabase)
├── reqwest v0.11.0 (*)
└── serde v1.0.118 (*)

metabase-smoketest v0.0.0 (D:\git_repo\materialize-learn\test\metabase\smoketest)
├── anyhow v1.0.38
├── itertools v0.9.0 (*)
├── log v0.4.13 (*)
├── metabase v0.0.0 (D:\git_repo\materialize-learn\src\metabase) (*)
├── ore v0.0.0 (D:\git_repo\materialize-learn\src\ore) (*)
├── tokio v1.0.1 (*)
└── tokio-postgres v0.7.0 (*)

mz-avro v0.6.5 (D:\git_repo\materialize-learn\src\avro) (*)

mz-process-collector v0.0.0 (D:\git_repo\materialize-learn\src\mz-process-collector) (*)

ore v0.0.0 (D:\git_repo\materialize-learn\src\ore) (*)

peeker v0.0.0 (D:\git_repo\materialize-learn\src\peeker)
├── chrono v0.4.19 (*)
├── env_logger v0.8.2 (*)
├── hyper v0.14.2 (*)
├── lazy_static v1.4.0
├── log v0.4.13 (*)
├── mz-process-collector v0.0.0 (D:\git_repo\materialize-learn\src\mz-process-collector) (*)
├── ore v0.0.0 (D:\git_repo\materialize-learn\src\ore) (*)
├── parse_duration v2.1.0 (*)
├── postgres v0.19.0 (*)
├── prometheus v0.10.0 (https://github.com/MaterializeInc/rust-prometheus.git#97c8de12) (*)
├── regex v1.4.3 (*)
├── serde v1.0.118 (*)
├── structopt v0.3.21 (*)
├── tokio v1.0.1 (*)
└── toml v0.5.8 (*)

perf-kinesis v0.0.0 (D:\git_repo\materialize-learn\test\performance\perf-kinesis)
├── anyhow v1.0.38
├── aws-util v0.0.0 (D:\git_repo\materialize-learn\src\aws-util) (*)
├── bytes v1.0.0
├── chrono v0.4.19 (*)
├── env_logger v0.8.2 (*)
├── futures v0.3.9 (*)
├── futures-channel v0.3.9 (*)
├── log v0.4.13 (*)
├── ore v0.0.0 (D:\git_repo\materialize-learn\src\ore) (*)
├── rand v0.8.0 (*)
├── rusoto_core v0.46.0 (https://github.com/rusoto/rusoto.git#b94d7beb) (*)
├── rusoto_credential v0.46.0 (https://github.com/rusoto/rusoto.git#b94d7beb) (*)
├── rusoto_kinesis v0.46.0 (https://github.com/rusoto/rusoto.git#b94d7beb) (*)
├── structopt v0.3.21 (*)
├── test-util v0.0.0 (D:\git_repo\materialize-learn\test\test-util) (*)
├── tokio v1.0.1 (*)
└── tokio-postgres v0.7.0 (*)

perf-upsert v0.0.0 (D:\git_repo\materialize-learn\test\performance\perf-upsert)
├── anyhow v1.0.38
├── bytes v1.0.0
├── chrono v0.4.19 (*)
├── env_logger v0.8.2 (*)
├── futures v0.3.9 (*)
├── futures-channel v0.3.9 (*)
├── hex v0.4.2
├── log v0.4.13 (*)
├── postgres-types v0.2.0 (*)
├── rand v0.8.0 (*)
├── rand_distr v0.4.0 (*)
├── structopt v0.3.21 (*)
├── test-util v0.0.0 (D:\git_repo\materialize-learn\test\test-util) (*)
├── tokio v1.0.1 (*)
└── tokio-postgres v0.7.0 (*)

pgrepr v0.0.0 (D:\git_repo\materialize-learn\src\pgrepr) (*)

pgtest v0.0.0 (D:\git_repo\materialize-learn\src\pgtest) (*)

pgwire v0.0.0 (D:\git_repo\materialize-learn\src\pgwire) (*)

prof v0.0.0 (D:\git_repo\materialize-learn\src\prof) (*)

protoc v0.0.0 (D:\git_repo\materialize-learn\src\protoc) (*)

repr v0.0.0 (D:\git_repo\materialize-learn\src\repr) (*)

smith-fuzz v0.0.0 (D:\git_repo\materialize-learn\test\smith)
├── anyhow v1.0.38
├── env_logger v0.8.2 (*)
├── futures v0.3.9 (*)
├── futures-channel v0.3.9 (*)
├── log v0.4.13 (*)
├── postgres-types v0.2.0 (*)
├── reqwest v0.11.0 (*)
├── serde v1.0.118 (*)
├── serde_json v1.0.60 (*)
├── structopt v0.3.21 (*)
├── test-util v0.0.0 (D:\git_repo\materialize-learn\test\test-util) (*)
├── tokio v1.0.1 (*)
├── tokio-postgres v0.7.0 (*)
└── url v2.2.0 (*)

sql v0.0.0 (D:\git_repo\materialize-learn\src\sql) (*)

sql-parser v0.0.0 (D:\git_repo\materialize-learn\src\sql-parser) (*)

sqllogictest v0.0.1 (D:\git_repo\materialize-learn\src\sqllogictest)
├── anyhow v1.0.38
├── chrono v0.4.19 (*)
├── comm v0.0.0 (D:\git_repo\materialize-learn\src\comm) (*)
├── expr v0.0.0 (D:\git_repo\materialize-learn\src\expr) (*)
├── fallible-iterator v0.2.0
├── futures v0.3.9 (*)
├── lazy_static v1.4.0
├── materialized v0.6.1-dev (D:\git_repo\materialize-learn\src\materialized) (*)
├── md-5 v0.9.1 (*)
├── ore v0.0.0 (D:\git_repo\materialize-learn\src\ore) (*)
├── pgrepr v0.0.0 (D:\git_repo\materialize-learn\src\pgrepr) (*)
├── postgres-protocol v0.6.0 (*)
├── regex v1.4.3 (*)
├── repr v0.0.0 (D:\git_repo\materialize-learn\src\repr) (*)
├── serde_json v1.0.60 (*)
├── sql v0.0.0 (D:\git_repo\materialize-learn\src\sql) (*)
├── structopt v0.3.21 (*)
├── tempfile v3.1.0 (*)
├── timely v0.11.1 (https://github.com/TimelyDataflow/timely-dataflow#de69cfc4) (*)
├── tokio v1.0.1 (*)
├── tokio-postgres v0.7.0 (*)
├── uuid v0.8.2 (*)
└── walkdir v2.3.1 (*)

symbiosis v0.0.0 (D:\git_repo\materialize-learn\src\symbiosis) (*)

test-correctness v0.0.0 (D:\git_repo\materialize-learn\test\correctness)
├── chrono v0.4.19 (*)
├── env_logger v0.8.2 (*)
├── futures v0.3.9 (*)
├── hyper v0.14.2 (*)
├── lazy_static v1.4.0
├── log v0.4.13 (*)
├── mz-process-collector v0.0.0 (D:\git_repo\materialize-learn\src\mz-process-collector) (*)
├── ore v0.0.0 (D:\git_repo\materialize-learn\src\ore) (*)
├── parse_duration v2.1.0 (*)
├── pgrepr v0.0.0 (D:\git_repo\materialize-learn\src\pgrepr) (*)
├── postgres v0.19.0 (*)
├── postgres-types v0.2.0 (*)
├── prometheus v0.10.0 (https://github.com/MaterializeInc/rust-prometheus.git#97c8de12) (*)
├── regex v1.4.3 (*)
├── serde v1.0.118 (*)
├── structopt v0.3.21 (*)
├── tokio v1.0.1 (*)
├── tokio-postgres v0.7.0 (*)
└── toml v0.5.8 (*)

test-util v0.0.0 (D:\git_repo\materialize-learn\test\test-util) (*)

testdrive v0.0.0 (D:\git_repo\materialize-learn\src\testdrive)
├── async-trait v0.1.42 (proc-macro) (*)
├── atty v0.2.14 (*)
├── aws-util v0.0.0 (D:\git_repo\materialize-learn\src\aws-util) (*)
├── byteorder v1.4.2
├── bytes v1.0.0
├── ccsr v0.0.0 (D:\git_repo\materialize-learn\src\ccsr) (*)
├── chrono v0.4.19 (*)
├── coord v0.0.0 (D:\git_repo\materialize-learn\src\coord) (*)
├── futures v0.3.9 (*)
├── interchange v0.0.0 (D:\git_repo\materialize-learn\src\interchange) (*)
├── itertools v0.9.0 (*)
├── kafka-util v0.0.0 (D:\git_repo\materialize-learn\src\kafka-util) (*)
├── krb5-src v0.2.4+1.18.2 (*)
├── lazy_static v1.4.0
├── md-5 v0.9.1 (*)
├── mz-avro v0.6.5 (D:\git_repo\materialize-learn\src\avro) (*)
├── ore v0.0.0 (D:\git_repo\materialize-learn\src\ore) (*)
├── parse_duration v2.1.0 (*)
├── pgrepr v0.0.0 (D:\git_repo\materialize-learn\src\pgrepr) (*)
├── postgres_array v0.11.0 (*)
├── protobuf v2.17.0 (*)
├── rand v0.8.0 (*)
├── rdkafka v0.25.0-dev (https://github.com/fede1024/rust-rdkafka.git#2e168f4d) (*)
├── regex v1.4.3 (*)
├── repr v0.0.0 (D:\git_repo\materialize-learn\src\repr) (*)
├── reqwest v0.11.0 (*)
├── rusoto_core v0.46.0 (https://github.com/rusoto/rusoto.git#b94d7beb) (*)
├── rusoto_credential v0.46.0 (https://github.com/rusoto/rusoto.git#b94d7beb) (*)
├── rusoto_kinesis v0.46.0 (https://github.com/rusoto/rusoto.git#b94d7beb) (*)
├── rusoto_sts v0.46.0 (https://github.com/rusoto/rusoto.git#b94d7beb) (*)
├── serde v1.0.118 (*)
├── serde-protobuf v0.8.2-alpha.0 (https://github.com/MaterializeInc/serde-protobuf.git?branch=add-iter-messages#fae1e030) (*)
├── serde_json v1.0.60 (*)
├── sql-parser v0.0.0 (D:\git_repo\materialize-learn\src\sql-parser) (*)
├── structopt v0.3.21 (*)
├── tempfile v3.1.0 (*)
├── termcolor v1.1.2 (*)
├── tokio v1.0.1 (*)
├── tokio-postgres v0.7.0 (*)
├── tokio-stream v0.1.1 (*)
├── url v2.2.0 (*)
└── uuid v0.8.2 (*)
[build-dependencies]
└── protoc v0.0.0 (D:\git_repo\materialize-learn\src\protoc) (*)
[dev-dependencies]
├── assert_cmd v1.0.2 (*)
└── predicates v1.0.6 (*)

transform v0.0.0 (D:\git_repo\materialize-learn\src\transform) (*)

walkabout v0.0.0 (D:\git_repo\materialize-learn\src\walkabout) (*)
